<?xml version="1.0" encoding="UTF-8"?>
<!-- Generated by org.testng.reporters.JUnitReportReporter -->
<testsuite skipped="0" hostname="360NDCLP040" name="Testscript.Assignment1" tests="1" failures="0" timestamp="28 Aug 2018 01:30:37 GMT" time="47.839" errors="0">
  <testcase name="WriteReviewonWallnethub" time="47.839" classname="Testscript.Assignment1"/>
</testsuite> <!-- Testscript.Assignment1 -->
