<?xml version="1.0" encoding="UTF-8"?>
<!-- Generated by org.testng.reporters.JUnitReportReporter -->
<testsuite hostname="360NDCLP040" name="Testscript.Google_Demo" tests="1" failures="0" timestamp="3 Aug 2018 10:59:30 GMT" time="36.213" errors="0">
  <testcase name="GoogleTest2" time="36.213" classname="Testscript.Google_Demo"/>
</testsuite> <!-- Testscript.Google_Demo -->
