<?xml version="1.0" encoding="UTF-8"?>
<!-- Generated by org.testng.reporters.JUnitReportReporter -->
<testsuite hostname="ULVMCTMUFT103" name="Testscript.CreateCompositOrder" tests="2" failures="0" timestamp="22 Oct 2018 19:19:58 GMT" time="166.515" errors="0">
  <testcase name="CreateAndProcess" time="81.147" classname="Testscript.CreateCompositOrder"/>
  <testcase name="CreateAndProcess" time="85.368" classname="Testscript.CreateCompositOrder"/>
</testsuite> <!-- Testscript.CreateCompositOrder -->
