<?xml version="1.0" encoding="UTF-8"?>
<!-- Generated by org.testng.reporters.JUnitReportReporter -->
<testsuite hostname="ULVMCTMUFT103" name="Testscript.ModifyOrder" tests="1" failures="0" timestamp="17 Oct 2018 10:07:29 GMT" time="1746.256" errors="0">
  <testcase name="ModfiyAndProcess" time="1746.256" classname="Testscript.ModifyOrder"/>
</testsuite> <!-- Testscript.ModifyOrder -->
