<?xml version="1.0" encoding="UTF-8"?>
<!-- Generated by org.testng.reporters.JUnitReportReporter -->
<testsuite hostname="ULVMCTMUFT103" name="Testscript.Assignment" tests="1" failures="0" timestamp="18 Sep 2018 14:30:16 GMT" time="42.308" errors="0">
  <testcase name="LoginonNetCreacker" time="42.308" classname="Testscript.Assignment"/>
</testsuite> <!-- Testscript.Assignment -->
