<?xml version="1.0" encoding="UTF-8"?>
<!-- Generated by org.testng.reporters.JUnitReportReporter -->
<testsuite hostname="ULVMCTMUFT103" name="Testscript.AccountNavigation" tests="2" failures="0" timestamp="24 Oct 2018 14:48:19 GMT" time="16.182" errors="0">
  <testcase name="NavigatetoAccount" time="13.854" classname="Testscript.AccountNavigation"/>
  <testcase name="NavigatetoDocument" time="2.328" classname="Testscript.AccountNavigation"/>
</testsuite> <!-- Testscript.AccountNavigation -->
