<?xml version="1.0" encoding="UTF-8"?>
<!-- Generated by org.testng.reporters.JUnitReportReporter -->
<testsuite hostname="ULVMCTMUFT103" name="Testscript.Login" tests="1" failures="0" timestamp="24 Oct 2018 14:48:19 GMT" time="16.026" errors="0">
  <testcase name="LoginonNetCreacker" time="16.026" classname="Testscript.Login"/>
</testsuite> <!-- Testscript.Login -->
